checking salaries-by-college-type.csv
salaries-by-college-type.csv exists
Parsing salaries-by-college-type.csv
Parsing data by median starting and mid-career salaries for each school type
attempting calculations for averages of median starting and mid-career salaries for each school type
salary averages calculated successfully
Parsing data by mid-career 10th, 25th, 75th, and 90th percentile salary for each school type
Calculate mid-career 10th, 25th, 75th, and 90th percentile salary averages for each school type
salary averages calculated successfully
Parsing data by median starting and mid-career salaries for each school type
attempting calculations for averages of median starting and mid-career salaries for each school type
salary averages calculated successfully
checking salaries-by-college-type.csv
salaries-by-college-type.csv exists
Parsing salaries-by-college-type.csv
Parsing data by median starting and mid-career salaries for each school type
attempting calculations for averages of median starting and mid-career salaries for each school type
salary averages calculated successfully
Parsing data by mid-career 10th, 25th, 75th, and 90th percentile salary for each school type
Calculate mid-career 10th, 25th, 75th, and 90th percentile salary averages for each school type
salary averages calculated successfully
Parsing data by median starting and mid-career salaries for each school type
attempting calculations for averages of median starting and mid-career salaries for each school type
salary averages calculated successfully
checking salaries-by-college-type.csv
salaries-by-college-type.csv exists
Parsing salaries-by-college-type.csv
Parsing data by median starting and mid-career salaries for each school type
attempting calculations for averages of median starting and mid-career salaries for each school type
salary averages calculated successfully
Parsing data by mid-career 10th, 25th, 75th, and 90th percentile salary for each school type
Calculate mid-career 10th, 25th, 75th, and 90th percentile salary averages for each school type
salary averages calculated successfully
Parsing data by mid-career 10th, 25th, 75th, and 90th percentile salary for each school type
Calculate mid-career 10th, 25th, 75th, and 90th percentile salary averages for each school type
salary averages calculated successfully
checking salaries-by-college-type.csv
salaries-by-college-type.csv exists
Parsing salaries-by-college-type.csv
Parsing data by median starting and mid-career salaries for each school type
attempting calculations for averages of median starting and mid-career salaries for each school type
salary averages calculated successfully
Parsing data by mid-career 10th, 25th, 75th, and 90th percentile salary for each school type
Calculate mid-career 10th, 25th, 75th, and 90th percentile salary averages for each school type
salary averages calculated successfully
Parsing data by mid-career 10th, 25th, 75th, and 90th percentile salary for each school type
Calculate mid-career 10th, 25th, 75th, and 90th percentile salary averages for each school type
salary averages calculated successfully
checking salaries-by-college-type.csv
salaries-by-college-type.csv exists
Parsing salaries-by-college-type.csv
Parsing data by median starting and mid-career salaries for each school type
attempting calculations for averages of median starting and mid-career salaries for each school type
salary averages calculated successfully
Parsing data by mid-career 10th, 25th, 75th, and 90th percentile salary for each school type
Calculate mid-career 10th, 25th, 75th, and 90th percentile salary averages for each school type
salary averages calculated successfully
Parsing data by mid-career 10th, 25th, 75th, and 90th percentile salary for each school type
Calculate mid-career 10th, 25th, 75th, and 90th percentile salary averages for each school type
salary averages calculated successfully
checking salaries-by-college-type.csv
salaries-by-college-type.csv exists
Parsing salaries-by-college-type.csv
Parsing data by median starting and mid-career salaries for each school type
attempting calculations for averages of median starting and mid-career salaries for each school type
salary averages calculated successfully
Parsing data by mid-career 10th, 25th, 75th, and 90th percentile salary for each school type
Calculate mid-career 10th, 25th, 75th, and 90th percentile salary averages for each school type
salary averages calculated successfully
Parsing data by mid-career 10th, 25th, 75th, and 90th percentile salary for each school type
Calculate mid-career 10th, 25th, 75th, and 90th percentile salary averages for each school type
salary averages calculated successfully
