retrieving map data from college_region module
checking that required map files are present
creating mapping dataframe
initializing MajCat object
retrieving salary by major data from grads_data module
initializing GradData object
loading data
data successfully read from ./recent-grads.csv
getting data
retrieving major category to school type mapping file from ./College_Major-Type_Lookup.csv
retrieving salaries by college type data from module
checking salaries-by-college-type.csv
salaries-by-college-type.csv exists
Parsing salaries-by-college-type.csv
Parsing data by median starting and mid-career salaries for each school type
attempting calculations for averages of median starting and mid-career salaries for each school type
salary averages calculated successfully
Parsing data by mid-career 10th, 25th, 75th, and 90th percentile salary for each school type
Calculate mid-career 10th, 25th, 75th, and 90th percentile salary averages for each school type
salary averages calculated successfully
calculating top 5 schools by median salary for major category Education
calculating top 5 majors by median salary for major category Education
initializing MajCat object
retrieving salary by major data from grads_data module
initializing GradData object
loading data
data successfully read from ./recent-grads.csv
getting data
retrieving major category to school type mapping file from ./College_Major-Type_Lookup.csv
retrieving salaries by college type data from module
checking salaries-by-college-type.csv
salaries-by-college-type.csv exists
Parsing salaries-by-college-type.csv
Parsing data by median starting and mid-career salaries for each school type
attempting calculations for averages of median starting and mid-career salaries for each school type
salary averages calculated successfully
Parsing data by mid-career 10th, 25th, 75th, and 90th percentile salary for each school type
Calculate mid-career 10th, 25th, 75th, and 90th percentile salary averages for each school type
salary averages calculated successfully
calculating top 5 schools by median salary for major category Psychology & Social Work
calculating top 5 majors by median salary for major category Psychology & Social Work
initializing MajCat object
retrieving salary by major data from grads_data module
initializing GradData object
loading data
data successfully read from ./recent-grads.csv
getting data
retrieving major category to school type mapping file from ./College_Major-Type_Lookup.csv
retrieving salaries by college type data from module
checking salaries-by-college-type.csv
salaries-by-college-type.csv exists
Parsing salaries-by-college-type.csv
Parsing data by median starting and mid-career salaries for each school type
attempting calculations for averages of median starting and mid-career salaries for each school type
salary averages calculated successfully
Parsing data by mid-career 10th, 25th, 75th, and 90th percentile salary for each school type
Calculate mid-career 10th, 25th, 75th, and 90th percentile salary averages for each school type
salary averages calculated successfully
calculating top 5 schools by median salary for major category Biology & Life Science
calculating top 5 majors by median salary for major category Biology & Life Science
initializing MajCat object
retrieving salary by major data from grads_data module
initializing GradData object
loading data
data successfully read from ./recent-grads.csv
getting data
retrieving major category to school type mapping file from ./College_Major-Type_Lookup.csv
retrieving salaries by college type data from module
checking salaries-by-college-type.csv
salaries-by-college-type.csv exists
Parsing salaries-by-college-type.csv
Parsing data by median starting and mid-career salaries for each school type
attempting calculations for averages of median starting and mid-career salaries for each school type
salary averages calculated successfully
Parsing data by mid-career 10th, 25th, 75th, and 90th percentile salary for each school type
Calculate mid-career 10th, 25th, 75th, and 90th percentile salary averages for each school type
salary averages calculated successfully
calculating top 5 schools by median salary for major category Arts
calculating top 5 majors by median salary for major category Arts
initializing MajCat object
retrieving salary by major data from grads_data module
initializing GradData object
loading data
data successfully read from ./recent-grads.csv
getting data
retrieving major category to school type mapping file from ./College_Major-Type_Lookup.csv
retrieving salaries by college type data from module
checking salaries-by-college-type.csv
salaries-by-college-type.csv exists
Parsing salaries-by-college-type.csv
Parsing data by median starting and mid-career salaries for each school type
attempting calculations for averages of median starting and mid-career salaries for each school type
salary averages calculated successfully
Parsing data by mid-career 10th, 25th, 75th, and 90th percentile salary for each school type
Calculate mid-career 10th, 25th, 75th, and 90th percentile salary averages for each school type
salary averages calculated successfully
calculating top 5 schools by median salary for major category Humanities & Liberal Arts
calculating top 5 majors by median salary for major category Humanities & Liberal Arts
initializing MajCat object
retrieving salary by major data from grads_data module
initializing GradData object
loading data
data successfully read from ./recent-grads.csv
getting data
retrieving major category to school type mapping file from ./College_Major-Type_Lookup.csv
retrieving salaries by college type data from module
checking salaries-by-college-type.csv
salaries-by-college-type.csv exists
Parsing salaries-by-college-type.csv
Parsing data by median starting and mid-career salaries for each school type
attempting calculations for averages of median starting and mid-career salaries for each school type
salary averages calculated successfully
Parsing data by mid-career 10th, 25th, 75th, and 90th percentile salary for each school type
Calculate mid-career 10th, 25th, 75th, and 90th percentile salary averages for each school type
salary averages calculated successfully
calculating top 5 schools by median salary for major category Health
calculating top 5 majors by median salary for major category Health
initializing MajCat object
retrieving salary by major data from grads_data module
initializing GradData object
loading data
data successfully read from ./recent-grads.csv
getting data
retrieving major category to school type mapping file from ./College_Major-Type_Lookup.csv
retrieving salaries by college type data from module
checking salaries-by-college-type.csv
salaries-by-college-type.csv exists
Parsing salaries-by-college-type.csv
Parsing data by median starting and mid-career salaries for each school type
attempting calculations for averages of median starting and mid-career salaries for each school type
salary averages calculated successfully
Parsing data by mid-career 10th, 25th, 75th, and 90th percentile salary for each school type
Calculate mid-career 10th, 25th, 75th, and 90th percentile salary averages for each school type
salary averages calculated successfully
calculating top 5 schools by median salary for major category Industrial Arts & Consumer Services
calculating top 5 majors by median salary for major category Industrial Arts & Consumer Services
initializing MajCat object
retrieving salary by major data from grads_data module
initializing GradData object
loading data
data successfully read from ./recent-grads.csv
getting data
retrieving major category to school type mapping file from ./College_Major-Type_Lookup.csv
retrieving salaries by college type data from module
checking salaries-by-college-type.csv
salaries-by-college-type.csv exists
Parsing salaries-by-college-type.csv
Parsing data by median starting and mid-career salaries for each school type
attempting calculations for averages of median starting and mid-career salaries for each school type
salary averages calculated successfully
Parsing data by mid-career 10th, 25th, 75th, and 90th percentile salary for each school type
Calculate mid-career 10th, 25th, 75th, and 90th percentile salary averages for each school type
salary averages calculated successfully
calculating top 5 schools by median salary for major category Agriculture & Natural Resources
calculating top 5 majors by median salary for major category Agriculture & Natural Resources
initializing MajCat object
retrieving salary by major data from grads_data module
initializing GradData object
loading data
data successfully read from ./recent-grads.csv
getting data
retrieving major category to school type mapping file from ./College_Major-Type_Lookup.csv
retrieving salaries by college type data from module
checking salaries-by-college-type.csv
salaries-by-college-type.csv exists
Parsing salaries-by-college-type.csv
Parsing data by median starting and mid-career salaries for each school type
attempting calculations for averages of median starting and mid-career salaries for each school type
salary averages calculated successfully
Parsing data by mid-career 10th, 25th, 75th, and 90th percentile salary for each school type
Calculate mid-career 10th, 25th, 75th, and 90th percentile salary averages for each school type
salary averages calculated successfully
calculating top 5 schools by median salary for major category Social Science
calculating top 5 majors by median salary for major category Social Science
initializing MajCat object
retrieving salary by major data from grads_data module
initializing GradData object
loading data
data successfully read from ./recent-grads.csv
getting data
retrieving major category to school type mapping file from ./College_Major-Type_Lookup.csv
retrieving salaries by college type data from module
checking salaries-by-college-type.csv
salaries-by-college-type.csv exists
Parsing salaries-by-college-type.csv
Parsing data by median starting and mid-career salaries for each school type
attempting calculations for averages of median starting and mid-career salaries for each school type
salary averages calculated successfully
Parsing data by mid-career 10th, 25th, 75th, and 90th percentile salary for each school type
Calculate mid-career 10th, 25th, 75th, and 90th percentile salary averages for each school type
salary averages calculated successfully
calculating top 5 schools by median salary for major category Communications & Journalism
calculating top 5 majors by median salary for major category Communications & Journalism
initializing MajCat object
retrieving salary by major data from grads_data module
initializing GradData object
loading data
data successfully read from ./recent-grads.csv
getting data
retrieving major category to school type mapping file from ./College_Major-Type_Lookup.csv
retrieving salaries by college type data from module
checking salaries-by-college-type.csv
salaries-by-college-type.csv exists
Parsing salaries-by-college-type.csv
Parsing data by median starting and mid-career salaries for each school type
attempting calculations for averages of median starting and mid-career salaries for each school type
salary averages calculated successfully
Parsing data by mid-career 10th, 25th, 75th, and 90th percentile salary for each school type
Calculate mid-career 10th, 25th, 75th, and 90th percentile salary averages for each school type
salary averages calculated successfully
calculating top 5 schools by median salary for major category Business
calculating top 5 majors by median salary for major category Business
initializing MajCat object
retrieving salary by major data from grads_data module
initializing GradData object
loading data
data successfully read from ./recent-grads.csv
getting data
retrieving major category to school type mapping file from ./College_Major-Type_Lookup.csv
retrieving salaries by college type data from module
checking salaries-by-college-type.csv
salaries-by-college-type.csv exists
Parsing salaries-by-college-type.csv
Parsing data by median starting and mid-career salaries for each school type
attempting calculations for averages of median starting and mid-career salaries for each school type
salary averages calculated successfully
Parsing data by mid-career 10th, 25th, 75th, and 90th percentile salary for each school type
Calculate mid-career 10th, 25th, 75th, and 90th percentile salary averages for each school type
salary averages calculated successfully
calculating top 5 schools by median salary for major category Law & Public Policy
calculating top 5 majors by median salary for major category Law & Public Policy
initializing MajCat object
retrieving salary by major data from grads_data module
initializing GradData object
loading data
data successfully read from ./recent-grads.csv
getting data
retrieving major category to school type mapping file from ./College_Major-Type_Lookup.csv
retrieving salaries by college type data from module
checking salaries-by-college-type.csv
salaries-by-college-type.csv exists
Parsing salaries-by-college-type.csv
Parsing data by median starting and mid-career salaries for each school type
attempting calculations for averages of median starting and mid-career salaries for each school type
salary averages calculated successfully
Parsing data by mid-career 10th, 25th, 75th, and 90th percentile salary for each school type
Calculate mid-career 10th, 25th, 75th, and 90th percentile salary averages for each school type
salary averages calculated successfully
calculating top 5 schools by median salary for major category Physical Sciences
calculating top 5 majors by median salary for major category Physical Sciences
initializing MajCat object
retrieving salary by major data from grads_data module
initializing GradData object
loading data
data successfully read from ./recent-grads.csv
getting data
retrieving major category to school type mapping file from ./College_Major-Type_Lookup.csv
retrieving salaries by college type data from module
checking salaries-by-college-type.csv
salaries-by-college-type.csv exists
Parsing salaries-by-college-type.csv
Parsing data by median starting and mid-career salaries for each school type
attempting calculations for averages of median starting and mid-career salaries for each school type
salary averages calculated successfully
Parsing data by mid-career 10th, 25th, 75th, and 90th percentile salary for each school type
Calculate mid-career 10th, 25th, 75th, and 90th percentile salary averages for each school type
salary averages calculated successfully
calculating top 5 schools by median salary for major category Computers & Mathematics
calculating top 5 majors by median salary for major category Computers & Mathematics
initializing MajCat object
retrieving salary by major data from grads_data module
initializing GradData object
loading data
data successfully read from ./recent-grads.csv
getting data
retrieving major category to school type mapping file from ./College_Major-Type_Lookup.csv
retrieving salaries by college type data from module
checking salaries-by-college-type.csv
salaries-by-college-type.csv exists
Parsing salaries-by-college-type.csv
Parsing data by median starting and mid-career salaries for each school type
attempting calculations for averages of median starting and mid-career salaries for each school type
salary averages calculated successfully
Parsing data by mid-career 10th, 25th, 75th, and 90th percentile salary for each school type
Calculate mid-career 10th, 25th, 75th, and 90th percentile salary averages for each school type
salary averages calculated successfully
calculating top 5 schools by median salary for major category Interdisciplinary
calculating top 5 majors by median salary for major category Interdisciplinary
initializing MajCat object
retrieving salary by major data from grads_data module
initializing GradData object
loading data
data successfully read from ./recent-grads.csv
getting data
retrieving major category to school type mapping file from ./College_Major-Type_Lookup.csv
retrieving salaries by college type data from module
checking salaries-by-college-type.csv
salaries-by-college-type.csv exists
Parsing salaries-by-college-type.csv
Parsing data by median starting and mid-career salaries for each school type
attempting calculations for averages of median starting and mid-career salaries for each school type
salary averages calculated successfully
Parsing data by mid-career 10th, 25th, 75th, and 90th percentile salary for each school type
Calculate mid-career 10th, 25th, 75th, and 90th percentile salary averages for each school type
salary averages calculated successfully
calculating top 5 schools by median salary for major category Engineering
calculating top 5 majors by median salary for major category Engineering
printing data to test_mp_out.csv
initializing MajCat object
retrieving salary by major data from grads_data module
initializing GradData object
loading data
data successfully read from ./recent-grads.csv
getting data
retrieving major category to school type mapping file from ./College_Major-Type_Lookup.csv
retrieving salaries by college type data from module
checking salaries-by-college-type.csv
salaries-by-college-type.csv exists
Parsing salaries-by-college-type.csv
Parsing data by median starting and mid-career salaries for each school type
attempting calculations for averages of median starting and mid-career salaries for each school type
salary averages calculated successfully
Parsing data by mid-career 10th, 25th, 75th, and 90th percentile salary for each school type
Calculate mid-career 10th, 25th, 75th, and 90th percentile salary averages for each school type
salary averages calculated successfully
calculating top 5 schools by median salary for major category Education
calculating top 5 majors by median salary for major category Education
printing data to test_5m_mc_Educationout.csv
initializing MajCat object
retrieving salary by major data from grads_data module
initializing GradData object
loading data
data successfully read from ./recent-grads.csv
getting data
retrieving major category to school type mapping file from ./College_Major-Type_Lookup.csv
retrieving salaries by college type data from module
checking salaries-by-college-type.csv
salaries-by-college-type.csv exists
Parsing salaries-by-college-type.csv
Parsing data by median starting and mid-career salaries for each school type
attempting calculations for averages of median starting and mid-career salaries for each school type
salary averages calculated successfully
Parsing data by mid-career 10th, 25th, 75th, and 90th percentile salary for each school type
Calculate mid-career 10th, 25th, 75th, and 90th percentile salary averages for each school type
salary averages calculated successfully
calculating top 5 schools by median salary for major category Psychology & Social Work
calculating top 5 majors by median salary for major category Psychology & Social Work
printing data to test_5m_mc_Psychology & Social Workout.csv
initializing MajCat object
retrieving salary by major data from grads_data module
initializing GradData object
loading data
data successfully read from ./recent-grads.csv
getting data
retrieving major category to school type mapping file from ./College_Major-Type_Lookup.csv
retrieving salaries by college type data from module
checking salaries-by-college-type.csv
salaries-by-college-type.csv exists
Parsing salaries-by-college-type.csv
Parsing data by median starting and mid-career salaries for each school type
attempting calculations for averages of median starting and mid-career salaries for each school type
salary averages calculated successfully
Parsing data by mid-career 10th, 25th, 75th, and 90th percentile salary for each school type
Calculate mid-career 10th, 25th, 75th, and 90th percentile salary averages for each school type
salary averages calculated successfully
calculating top 5 schools by median salary for major category Biology & Life Science
calculating top 5 majors by median salary for major category Biology & Life Science
printing data to test_5m_mc_Biology & Life Scienceout.csv
initializing MajCat object
retrieving salary by major data from grads_data module
initializing GradData object
loading data
data successfully read from ./recent-grads.csv
getting data
retrieving major category to school type mapping file from ./College_Major-Type_Lookup.csv
retrieving salaries by college type data from module
checking salaries-by-college-type.csv
salaries-by-college-type.csv exists
Parsing salaries-by-college-type.csv
Parsing data by median starting and mid-career salaries for each school type
attempting calculations for averages of median starting and mid-career salaries for each school type
salary averages calculated successfully
Parsing data by mid-career 10th, 25th, 75th, and 90th percentile salary for each school type
Calculate mid-career 10th, 25th, 75th, and 90th percentile salary averages for each school type
salary averages calculated successfully
calculating top 5 schools by median salary for major category Arts
calculating top 5 majors by median salary for major category Arts
printing data to test_5m_mc_Artsout.csv
initializing MajCat object
retrieving salary by major data from grads_data module
initializing GradData object
loading data
data successfully read from ./recent-grads.csv
getting data
retrieving major category to school type mapping file from ./College_Major-Type_Lookup.csv
retrieving salaries by college type data from module
checking salaries-by-college-type.csv
salaries-by-college-type.csv exists
Parsing salaries-by-college-type.csv
Parsing data by median starting and mid-career salaries for each school type
attempting calculations for averages of median starting and mid-career salaries for each school type
salary averages calculated successfully
Parsing data by mid-career 10th, 25th, 75th, and 90th percentile salary for each school type
Calculate mid-career 10th, 25th, 75th, and 90th percentile salary averages for each school type
salary averages calculated successfully
calculating top 5 schools by median salary for major category Humanities & Liberal Arts
calculating top 5 majors by median salary for major category Humanities & Liberal Arts
printing data to test_5m_mc_Humanities & Liberal Artsout.csv
initializing MajCat object
retrieving salary by major data from grads_data module
initializing GradData object
loading data
data successfully read from ./recent-grads.csv
getting data
retrieving major category to school type mapping file from ./College_Major-Type_Lookup.csv
retrieving salaries by college type data from module
checking salaries-by-college-type.csv
salaries-by-college-type.csv exists
Parsing salaries-by-college-type.csv
Parsing data by median starting and mid-career salaries for each school type
attempting calculations for averages of median starting and mid-career salaries for each school type
salary averages calculated successfully
Parsing data by mid-career 10th, 25th, 75th, and 90th percentile salary for each school type
Calculate mid-career 10th, 25th, 75th, and 90th percentile salary averages for each school type
salary averages calculated successfully
calculating top 5 schools by median salary for major category Health
calculating top 5 majors by median salary for major category Health
printing data to test_5m_mc_Healthout.csv
initializing MajCat object
retrieving salary by major data from grads_data module
initializing GradData object
loading data
data successfully read from ./recent-grads.csv
getting data
retrieving major category to school type mapping file from ./College_Major-Type_Lookup.csv
retrieving salaries by college type data from module
checking salaries-by-college-type.csv
salaries-by-college-type.csv exists
Parsing salaries-by-college-type.csv
Parsing data by median starting and mid-career salaries for each school type
attempting calculations for averages of median starting and mid-career salaries for each school type
salary averages calculated successfully
Parsing data by mid-career 10th, 25th, 75th, and 90th percentile salary for each school type
Calculate mid-career 10th, 25th, 75th, and 90th percentile salary averages for each school type
salary averages calculated successfully
calculating top 5 schools by median salary for major category Industrial Arts & Consumer Services
calculating top 5 majors by median salary for major category Industrial Arts & Consumer Services
printing data to test_5m_mc_Industrial Arts & Consumer Servicesout.csv
initializing MajCat object
retrieving salary by major data from grads_data module
initializing GradData object
loading data
data successfully read from ./recent-grads.csv
getting data
retrieving major category to school type mapping file from ./College_Major-Type_Lookup.csv
retrieving salaries by college type data from module
checking salaries-by-college-type.csv
salaries-by-college-type.csv exists
Parsing salaries-by-college-type.csv
Parsing data by median starting and mid-career salaries for each school type
attempting calculations for averages of median starting and mid-career salaries for each school type
salary averages calculated successfully
Parsing data by mid-career 10th, 25th, 75th, and 90th percentile salary for each school type
Calculate mid-career 10th, 25th, 75th, and 90th percentile salary averages for each school type
salary averages calculated successfully
calculating top 5 schools by median salary for major category Agriculture & Natural Resources
calculating top 5 majors by median salary for major category Agriculture & Natural Resources
printing data to test_5m_mc_Agriculture & Natural Resourcesout.csv
initializing MajCat object
retrieving salary by major data from grads_data module
initializing GradData object
loading data
data successfully read from ./recent-grads.csv
getting data
retrieving major category to school type mapping file from ./College_Major-Type_Lookup.csv
retrieving salaries by college type data from module
checking salaries-by-college-type.csv
salaries-by-college-type.csv exists
Parsing salaries-by-college-type.csv
Parsing data by median starting and mid-career salaries for each school type
attempting calculations for averages of median starting and mid-career salaries for each school type
salary averages calculated successfully
Parsing data by mid-career 10th, 25th, 75th, and 90th percentile salary for each school type
Calculate mid-career 10th, 25th, 75th, and 90th percentile salary averages for each school type
salary averages calculated successfully
calculating top 5 schools by median salary for major category Social Science
calculating top 5 majors by median salary for major category Social Science
printing data to test_5m_mc_Social Scienceout.csv
initializing MajCat object
retrieving salary by major data from grads_data module
initializing GradData object
loading data
data successfully read from ./recent-grads.csv
getting data
retrieving major category to school type mapping file from ./College_Major-Type_Lookup.csv
retrieving salaries by college type data from module
checking salaries-by-college-type.csv
salaries-by-college-type.csv exists
Parsing salaries-by-college-type.csv
Parsing data by median starting and mid-career salaries for each school type
attempting calculations for averages of median starting and mid-career salaries for each school type
salary averages calculated successfully
Parsing data by mid-career 10th, 25th, 75th, and 90th percentile salary for each school type
Calculate mid-career 10th, 25th, 75th, and 90th percentile salary averages for each school type
salary averages calculated successfully
calculating top 5 schools by median salary for major category Communications & Journalism
calculating top 5 majors by median salary for major category Communications & Journalism
printing data to test_5m_mc_Communications & Journalismout.csv
initializing MajCat object
retrieving salary by major data from grads_data module
initializing GradData object
loading data
data successfully read from ./recent-grads.csv
getting data
retrieving major category to school type mapping file from ./College_Major-Type_Lookup.csv
retrieving salaries by college type data from module
checking salaries-by-college-type.csv
salaries-by-college-type.csv exists
Parsing salaries-by-college-type.csv
Parsing data by median starting and mid-career salaries for each school type
attempting calculations for averages of median starting and mid-career salaries for each school type
salary averages calculated successfully
Parsing data by mid-career 10th, 25th, 75th, and 90th percentile salary for each school type
Calculate mid-career 10th, 25th, 75th, and 90th percentile salary averages for each school type
salary averages calculated successfully
calculating top 5 schools by median salary for major category Business
calculating top 5 majors by median salary for major category Business
printing data to test_5m_mc_Businessout.csv
initializing MajCat object
retrieving salary by major data from grads_data module
initializing GradData object
loading data
data successfully read from ./recent-grads.csv
getting data
retrieving major category to school type mapping file from ./College_Major-Type_Lookup.csv
retrieving salaries by college type data from module
checking salaries-by-college-type.csv
salaries-by-college-type.csv exists
Parsing salaries-by-college-type.csv
Parsing data by median starting and mid-career salaries for each school type
attempting calculations for averages of median starting and mid-career salaries for each school type
salary averages calculated successfully
Parsing data by mid-career 10th, 25th, 75th, and 90th percentile salary for each school type
Calculate mid-career 10th, 25th, 75th, and 90th percentile salary averages for each school type
salary averages calculated successfully
calculating top 5 schools by median salary for major category Law & Public Policy
calculating top 5 majors by median salary for major category Law & Public Policy
printing data to test_5m_mc_Law & Public Policyout.csv
initializing MajCat object
retrieving salary by major data from grads_data module
initializing GradData object
loading data
data successfully read from ./recent-grads.csv
getting data
retrieving major category to school type mapping file from ./College_Major-Type_Lookup.csv
retrieving salaries by college type data from module
checking salaries-by-college-type.csv
salaries-by-college-type.csv exists
Parsing salaries-by-college-type.csv
Parsing data by median starting and mid-career salaries for each school type
attempting calculations for averages of median starting and mid-career salaries for each school type
salary averages calculated successfully
Parsing data by mid-career 10th, 25th, 75th, and 90th percentile salary for each school type
Calculate mid-career 10th, 25th, 75th, and 90th percentile salary averages for each school type
salary averages calculated successfully
calculating top 5 schools by median salary for major category Physical Sciences
calculating top 5 majors by median salary for major category Physical Sciences
printing data to test_5m_mc_Physical Sciencesout.csv
initializing MajCat object
retrieving salary by major data from grads_data module
initializing GradData object
loading data
data successfully read from ./recent-grads.csv
getting data
retrieving major category to school type mapping file from ./College_Major-Type_Lookup.csv
retrieving salaries by college type data from module
checking salaries-by-college-type.csv
salaries-by-college-type.csv exists
Parsing salaries-by-college-type.csv
Parsing data by median starting and mid-career salaries for each school type
attempting calculations for averages of median starting and mid-career salaries for each school type
salary averages calculated successfully
Parsing data by mid-career 10th, 25th, 75th, and 90th percentile salary for each school type
Calculate mid-career 10th, 25th, 75th, and 90th percentile salary averages for each school type
salary averages calculated successfully
calculating top 5 schools by median salary for major category Computers & Mathematics
calculating top 5 majors by median salary for major category Computers & Mathematics
printing data to test_5m_mc_Computers & Mathematicsout.csv
initializing MajCat object
retrieving salary by major data from grads_data module
initializing GradData object
loading data
data successfully read from ./recent-grads.csv
getting data
retrieving major category to school type mapping file from ./College_Major-Type_Lookup.csv
retrieving salaries by college type data from module
checking salaries-by-college-type.csv
salaries-by-college-type.csv exists
Parsing salaries-by-college-type.csv
Parsing data by median starting and mid-career salaries for each school type
attempting calculations for averages of median starting and mid-career salaries for each school type
salary averages calculated successfully
Parsing data by mid-career 10th, 25th, 75th, and 90th percentile salary for each school type
Calculate mid-career 10th, 25th, 75th, and 90th percentile salary averages for each school type
salary averages calculated successfully
calculating top 5 schools by median salary for major category Interdisciplinary
calculating top 5 majors by median salary for major category Interdisciplinary
printing data to test_5m_mc_Interdisciplinaryout.csv
initializing MajCat object
retrieving salary by major data from grads_data module
initializing GradData object
loading data
data successfully read from ./recent-grads.csv
getting data
retrieving major category to school type mapping file from ./College_Major-Type_Lookup.csv
retrieving salaries by college type data from module
checking salaries-by-college-type.csv
salaries-by-college-type.csv exists
Parsing salaries-by-college-type.csv
Parsing data by median starting and mid-career salaries for each school type
attempting calculations for averages of median starting and mid-career salaries for each school type
salary averages calculated successfully
Parsing data by mid-career 10th, 25th, 75th, and 90th percentile salary for each school type
Calculate mid-career 10th, 25th, 75th, and 90th percentile salary averages for each school type
salary averages calculated successfully
calculating top 5 schools by median salary for major category Engineering
calculating top 5 majors by median salary for major category Engineering
printing data to test_5m_mc_Engineeringout.csv
initializing MajCat object
retrieving salary by major data from grads_data module
initializing GradData object
loading data
data successfully read from ./recent-grads.csv
getting data
retrieving major category to school type mapping file from ./College_Major-Type_Lookup.csv
retrieving salaries by college type data from module
checking salaries-by-college-type.csv
salaries-by-college-type.csv exists
Parsing salaries-by-college-type.csv
Parsing data by median starting and mid-career salaries for each school type
attempting calculations for averages of median starting and mid-career salaries for each school type
salary averages calculated successfully
Parsing data by mid-career 10th, 25th, 75th, and 90th percentile salary for each school type
Calculate mid-career 10th, 25th, 75th, and 90th percentile salary averages for each school type
salary averages calculated successfully
calculating top 5 schools by median salary for major category Education
calculating top 5 majors by median salary for major category Education
printing data to test_5s_mc_Educationout.csv
initializing MajCat object
retrieving salary by major data from grads_data module
initializing GradData object
loading data
data successfully read from ./recent-grads.csv
getting data
retrieving major category to school type mapping file from ./College_Major-Type_Lookup.csv
retrieving salaries by college type data from module
checking salaries-by-college-type.csv
salaries-by-college-type.csv exists
Parsing salaries-by-college-type.csv
Parsing data by median starting and mid-career salaries for each school type
attempting calculations for averages of median starting and mid-career salaries for each school type
salary averages calculated successfully
Parsing data by mid-career 10th, 25th, 75th, and 90th percentile salary for each school type
Calculate mid-career 10th, 25th, 75th, and 90th percentile salary averages for each school type
salary averages calculated successfully
calculating top 5 schools by median salary for major category Psychology & Social Work
calculating top 5 majors by median salary for major category Psychology & Social Work
printing data to test_5s_mc_Psychology & Social Workout.csv
initializing MajCat object
retrieving salary by major data from grads_data module
initializing GradData object
loading data
data successfully read from ./recent-grads.csv
getting data
retrieving major category to school type mapping file from ./College_Major-Type_Lookup.csv
retrieving salaries by college type data from module
checking salaries-by-college-type.csv
salaries-by-college-type.csv exists
Parsing salaries-by-college-type.csv
Parsing data by median starting and mid-career salaries for each school type
attempting calculations for averages of median starting and mid-career salaries for each school type
salary averages calculated successfully
Parsing data by mid-career 10th, 25th, 75th, and 90th percentile salary for each school type
Calculate mid-career 10th, 25th, 75th, and 90th percentile salary averages for each school type
salary averages calculated successfully
calculating top 5 schools by median salary for major category Biology & Life Science
calculating top 5 majors by median salary for major category Biology & Life Science
printing data to test_5s_mc_Biology & Life Scienceout.csv
initializing MajCat object
retrieving salary by major data from grads_data module
initializing GradData object
loading data
data successfully read from ./recent-grads.csv
getting data
retrieving major category to school type mapping file from ./College_Major-Type_Lookup.csv
retrieving salaries by college type data from module
checking salaries-by-college-type.csv
salaries-by-college-type.csv exists
Parsing salaries-by-college-type.csv
Parsing data by median starting and mid-career salaries for each school type
attempting calculations for averages of median starting and mid-career salaries for each school type
salary averages calculated successfully
Parsing data by mid-career 10th, 25th, 75th, and 90th percentile salary for each school type
Calculate mid-career 10th, 25th, 75th, and 90th percentile salary averages for each school type
salary averages calculated successfully
calculating top 5 schools by median salary for major category Arts
calculating top 5 majors by median salary for major category Arts
printing data to test_5s_mc_Artsout.csv
initializing MajCat object
retrieving salary by major data from grads_data module
initializing GradData object
loading data
data successfully read from ./recent-grads.csv
getting data
retrieving major category to school type mapping file from ./College_Major-Type_Lookup.csv
retrieving salaries by college type data from module
checking salaries-by-college-type.csv
salaries-by-college-type.csv exists
Parsing salaries-by-college-type.csv
Parsing data by median starting and mid-career salaries for each school type
attempting calculations for averages of median starting and mid-career salaries for each school type
salary averages calculated successfully
Parsing data by mid-career 10th, 25th, 75th, and 90th percentile salary for each school type
Calculate mid-career 10th, 25th, 75th, and 90th percentile salary averages for each school type
salary averages calculated successfully
calculating top 5 schools by median salary for major category Humanities & Liberal Arts
calculating top 5 majors by median salary for major category Humanities & Liberal Arts
printing data to test_5s_mc_Humanities & Liberal Artsout.csv
initializing MajCat object
retrieving salary by major data from grads_data module
initializing GradData object
loading data
data successfully read from ./recent-grads.csv
getting data
retrieving major category to school type mapping file from ./College_Major-Type_Lookup.csv
retrieving salaries by college type data from module
checking salaries-by-college-type.csv
salaries-by-college-type.csv exists
Parsing salaries-by-college-type.csv
Parsing data by median starting and mid-career salaries for each school type
attempting calculations for averages of median starting and mid-career salaries for each school type
salary averages calculated successfully
Parsing data by mid-career 10th, 25th, 75th, and 90th percentile salary for each school type
Calculate mid-career 10th, 25th, 75th, and 90th percentile salary averages for each school type
salary averages calculated successfully
calculating top 5 schools by median salary for major category Health
calculating top 5 majors by median salary for major category Health
printing data to test_5s_mc_Healthout.csv
initializing MajCat object
retrieving salary by major data from grads_data module
initializing GradData object
loading data
data successfully read from ./recent-grads.csv
getting data
retrieving major category to school type mapping file from ./College_Major-Type_Lookup.csv
retrieving salaries by college type data from module
checking salaries-by-college-type.csv
salaries-by-college-type.csv exists
Parsing salaries-by-college-type.csv
Parsing data by median starting and mid-career salaries for each school type
attempting calculations for averages of median starting and mid-career salaries for each school type
salary averages calculated successfully
Parsing data by mid-career 10th, 25th, 75th, and 90th percentile salary for each school type
Calculate mid-career 10th, 25th, 75th, and 90th percentile salary averages for each school type
salary averages calculated successfully
calculating top 5 schools by median salary for major category Industrial Arts & Consumer Services
calculating top 5 majors by median salary for major category Industrial Arts & Consumer Services
printing data to test_5s_mc_Industrial Arts & Consumer Servicesout.csv
initializing MajCat object
retrieving salary by major data from grads_data module
initializing GradData object
loading data
data successfully read from ./recent-grads.csv
getting data
retrieving major category to school type mapping file from ./College_Major-Type_Lookup.csv
retrieving salaries by college type data from module
checking salaries-by-college-type.csv
salaries-by-college-type.csv exists
Parsing salaries-by-college-type.csv
Parsing data by median starting and mid-career salaries for each school type
attempting calculations for averages of median starting and mid-career salaries for each school type
salary averages calculated successfully
Parsing data by mid-career 10th, 25th, 75th, and 90th percentile salary for each school type
Calculate mid-career 10th, 25th, 75th, and 90th percentile salary averages for each school type
salary averages calculated successfully
calculating top 5 schools by median salary for major category Agriculture & Natural Resources
calculating top 5 majors by median salary for major category Agriculture & Natural Resources
printing data to test_5s_mc_Agriculture & Natural Resourcesout.csv
initializing MajCat object
retrieving salary by major data from grads_data module
initializing GradData object
loading data
data successfully read from ./recent-grads.csv
getting data
retrieving major category to school type mapping file from ./College_Major-Type_Lookup.csv
retrieving salaries by college type data from module
checking salaries-by-college-type.csv
salaries-by-college-type.csv exists
Parsing salaries-by-college-type.csv
Parsing data by median starting and mid-career salaries for each school type
attempting calculations for averages of median starting and mid-career salaries for each school type
salary averages calculated successfully
Parsing data by mid-career 10th, 25th, 75th, and 90th percentile salary for each school type
Calculate mid-career 10th, 25th, 75th, and 90th percentile salary averages for each school type
salary averages calculated successfully
calculating top 5 schools by median salary for major category Social Science
calculating top 5 majors by median salary for major category Social Science
printing data to test_5s_mc_Social Scienceout.csv
initializing MajCat object
retrieving salary by major data from grads_data module
initializing GradData object
loading data
data successfully read from ./recent-grads.csv
getting data
retrieving major category to school type mapping file from ./College_Major-Type_Lookup.csv
retrieving salaries by college type data from module
checking salaries-by-college-type.csv
salaries-by-college-type.csv exists
Parsing salaries-by-college-type.csv
Parsing data by median starting and mid-career salaries for each school type
attempting calculations for averages of median starting and mid-career salaries for each school type
salary averages calculated successfully
Parsing data by mid-career 10th, 25th, 75th, and 90th percentile salary for each school type
Calculate mid-career 10th, 25th, 75th, and 90th percentile salary averages for each school type
salary averages calculated successfully
calculating top 5 schools by median salary for major category Communications & Journalism
calculating top 5 majors by median salary for major category Communications & Journalism
printing data to test_5s_mc_Communications & Journalismout.csv
initializing MajCat object
retrieving salary by major data from grads_data module
initializing GradData object
loading data
data successfully read from ./recent-grads.csv
getting data
retrieving major category to school type mapping file from ./College_Major-Type_Lookup.csv
retrieving salaries by college type data from module
checking salaries-by-college-type.csv
salaries-by-college-type.csv exists
Parsing salaries-by-college-type.csv
Parsing data by median starting and mid-career salaries for each school type
attempting calculations for averages of median starting and mid-career salaries for each school type
salary averages calculated successfully
Parsing data by mid-career 10th, 25th, 75th, and 90th percentile salary for each school type
Calculate mid-career 10th, 25th, 75th, and 90th percentile salary averages for each school type
salary averages calculated successfully
calculating top 5 schools by median salary for major category Business
calculating top 5 majors by median salary for major category Business
printing data to test_5s_mc_Businessout.csv
initializing MajCat object
retrieving salary by major data from grads_data module
initializing GradData object
loading data
data successfully read from ./recent-grads.csv
getting data
retrieving major category to school type mapping file from ./College_Major-Type_Lookup.csv
retrieving salaries by college type data from module
checking salaries-by-college-type.csv
salaries-by-college-type.csv exists
Parsing salaries-by-college-type.csv
Parsing data by median starting and mid-career salaries for each school type
attempting calculations for averages of median starting and mid-career salaries for each school type
salary averages calculated successfully
Parsing data by mid-career 10th, 25th, 75th, and 90th percentile salary for each school type
Calculate mid-career 10th, 25th, 75th, and 90th percentile salary averages for each school type
salary averages calculated successfully
calculating top 5 schools by median salary for major category Law & Public Policy
calculating top 5 majors by median salary for major category Law & Public Policy
printing data to test_5s_mc_Law & Public Policyout.csv
initializing MajCat object
retrieving salary by major data from grads_data module
initializing GradData object
loading data
data successfully read from ./recent-grads.csv
getting data
retrieving major category to school type mapping file from ./College_Major-Type_Lookup.csv
retrieving salaries by college type data from module
checking salaries-by-college-type.csv
salaries-by-college-type.csv exists
Parsing salaries-by-college-type.csv
Parsing data by median starting and mid-career salaries for each school type
attempting calculations for averages of median starting and mid-career salaries for each school type
salary averages calculated successfully
Parsing data by mid-career 10th, 25th, 75th, and 90th percentile salary for each school type
Calculate mid-career 10th, 25th, 75th, and 90th percentile salary averages for each school type
salary averages calculated successfully
calculating top 5 schools by median salary for major category Physical Sciences
calculating top 5 majors by median salary for major category Physical Sciences
printing data to test_5s_mc_Physical Sciencesout.csv
initializing MajCat object
retrieving salary by major data from grads_data module
initializing GradData object
loading data
data successfully read from ./recent-grads.csv
getting data
retrieving major category to school type mapping file from ./College_Major-Type_Lookup.csv
retrieving salaries by college type data from module
checking salaries-by-college-type.csv
salaries-by-college-type.csv exists
Parsing salaries-by-college-type.csv
Parsing data by median starting and mid-career salaries for each school type
attempting calculations for averages of median starting and mid-career salaries for each school type
salary averages calculated successfully
Parsing data by mid-career 10th, 25th, 75th, and 90th percentile salary for each school type
Calculate mid-career 10th, 25th, 75th, and 90th percentile salary averages for each school type
salary averages calculated successfully
calculating top 5 schools by median salary for major category Computers & Mathematics
calculating top 5 majors by median salary for major category Computers & Mathematics
printing data to test_5s_mc_Computers & Mathematicsout.csv
initializing MajCat object
retrieving salary by major data from grads_data module
initializing GradData object
loading data
data successfully read from ./recent-grads.csv
getting data
retrieving major category to school type mapping file from ./College_Major-Type_Lookup.csv
retrieving salaries by college type data from module
checking salaries-by-college-type.csv
salaries-by-college-type.csv exists
Parsing salaries-by-college-type.csv
Parsing data by median starting and mid-career salaries for each school type
attempting calculations for averages of median starting and mid-career salaries for each school type
salary averages calculated successfully
Parsing data by mid-career 10th, 25th, 75th, and 90th percentile salary for each school type
Calculate mid-career 10th, 25th, 75th, and 90th percentile salary averages for each school type
salary averages calculated successfully
calculating top 5 schools by median salary for major category Interdisciplinary
calculating top 5 majors by median salary for major category Interdisciplinary
printing data to test_5s_mc_Interdisciplinaryout.csv
initializing MajCat object
retrieving salary by major data from grads_data module
initializing GradData object
loading data
data successfully read from ./recent-grads.csv
getting data
retrieving major category to school type mapping file from ./College_Major-Type_Lookup.csv
retrieving salaries by college type data from module
checking salaries-by-college-type.csv
salaries-by-college-type.csv exists
Parsing salaries-by-college-type.csv
Parsing data by median starting and mid-career salaries for each school type
attempting calculations for averages of median starting and mid-career salaries for each school type
salary averages calculated successfully
Parsing data by mid-career 10th, 25th, 75th, and 90th percentile salary for each school type
Calculate mid-career 10th, 25th, 75th, and 90th percentile salary averages for each school type
salary averages calculated successfully
calculating top 5 schools by median salary for major category Engineering
calculating top 5 majors by median salary for major category Engineering
printing data to test_5s_mc_Engineeringout.csv
